<?xml version="1.0" encoding="UTF-8"?>
<!-- Generated by org.testng.reporters.JUnitXMLReporter -->
<testsuite ignored="0" hostname="LAPTOP-GBJ4LDOP" failures="0" tests="4" name="Test" time="19.956" errors="0" timestamp="2022-03-04T22:33:28 CET">
  <testcase classname="com.todo.TestRunnerDriver" name="test1" time="18.806"/>
  <testcase classname="com.todo.TestRunnerDriver" name="test1" time="19.527"/>
  <testcase classname="com.todo.TestRunnerDriver" name="test1" time="19.596"/>
  <testcase classname="com.todo.TestRunnerDriver" name="test1" time="19.816"/>
</testsuite> <!-- Test -->
